-- The C compiler identification is GNU 11.3.0
-- The CXX compiler identification is GNU 11.3.0
-- Detecting C compiler ABI info
-- Detecting C compiler ABI info - done
-- Check for working C compiler: /usr/bin/cc - skipped
-- Detecting C compile features
-- Detecting C compile features - done
-- Detecting CXX compiler ABI info
-- Detecting CXX compiler ABI info - done
-- Check for working CXX compiler: /usr/bin/c++ - skipped
-- Detecting CXX compile features
-- Detecting CXX compile features - done
-- Found ament_cmake: 1.3.3 (/opt/ros/humble/share/ament_cmake/cmake)
-- Found Python3: /usr/bin/python3.10 (found version "3.10.6") found components: Interpreter 
-- Override CMake install command with custom implementation using symlinks instead of copying resources
-- Found ament_lint_auto: 0.12.5 (/opt/ros/humble/share/ament_lint_auto/cmake)
-- Added test 'flake8' to check Python code syntax and style conventions
-- Added test 'lint_cmake' to check CMake code style
-- Added test 'pep257' to check Python code against some of the docstring style conventions in PEP 257
-- Added test 'xmllint' to check XML markup files
-- Configuring done (4.3s)
-- Generating done (0.0s)
-- Build files have been written to: /home/ace/Desktop/new_ws/build/mobile_package
-- Install configuration: ""
-- Execute custom install script
-- Symlinking: /home/ace/Desktop/new_ws/install/mobile_package/share/mobile_package/config/controllers.yaml
-- Symlinking: /home/ace/Desktop/new_ws/install/mobile_package/share/mobile_package/config/mapper_params_online_async.yaml
-- Symlinking: /home/ace/Desktop/new_ws/install/mobile_package/share/mobile_package/config/nav2_params.yaml
-- Symlinking: /home/ace/Desktop/new_ws/install/mobile_package/share/mobile_package/config/robot_rviz.rviz
-- Symlinking: /home/ace/Desktop/new_ws/install/mobile_package/share/mobile_package/config/twist_mux.yaml
-- Symlinking: /home/ace/Desktop/new_ws/install/mobile_package/share/mobile_package/description/LiDAR.xacro
-- Symlinking: /home/ace/Desktop/new_ws/install/mobile_package/share/mobile_package/description/camera.xacro
-- Symlinking: /home/ace/Desktop/new_ws/install/mobile_package/share/mobile_package/description/control.xacro
-- Symlinking: /home/ace/Desktop/new_ws/install/mobile_package/share/mobile_package/description/inertial_macros.xacro
-- Symlinking: /home/ace/Desktop/new_ws/install/mobile_package/share/mobile_package/description/robot_URDF.xacro
-- Symlinking: /home/ace/Desktop/new_ws/install/mobile_package/share/mobile_package/description/robot_URDF_DESC.xacro
-- Symlinking: /home/ace/Desktop/new_ws/install/mobile_package/share/mobile_package/description/ros2_control.xacro
-- Symlinking: /home/ace/Desktop/new_ws/install/mobile_package/share/mobile_package/launch/launch_sim.launch.py
-- Symlinking: /home/ace/Desktop/new_ws/install/mobile_package/share/mobile_package/launch/navigation_launch.py
-- Symlinking: /home/ace/Desktop/new_ws/install/mobile_package/share/mobile_package/launch/robot.launch.py
-- Symlinking: /home/ace/Desktop/new_ws/install/mobile_package/share/mobile_package/worlds/robot_world.world
-- Symlinking: /home/ace/Desktop/new_ws/install/mobile_package/share/ament_index/resource_index/package_run_dependencies/mobile_package
-- Symlinking: /home/ace/Desktop/new_ws/install/mobile_package/share/ament_index/resource_index/parent_prefix_path/mobile_package
-- Symlinking: /home/ace/Desktop/new_ws/install/mobile_package/share/mobile_package/environment/ament_prefix_path.sh
-- Symlinking: /home/ace/Desktop/new_ws/install/mobile_package/share/mobile_package/environment/ament_prefix_path.dsv
-- Symlinking: /home/ace/Desktop/new_ws/install/mobile_package/share/mobile_package/environment/path.sh
-- Symlinking: /home/ace/Desktop/new_ws/install/mobile_package/share/mobile_package/environment/path.dsv
-- Symlinking: /home/ace/Desktop/new_ws/install/mobile_package/share/mobile_package/local_setup.bash
-- Symlinking: /home/ace/Desktop/new_ws/install/mobile_package/share/mobile_package/local_setup.sh
-- Symlinking: /home/ace/Desktop/new_ws/install/mobile_package/share/mobile_package/local_setup.zsh
-- Symlinking: /home/ace/Desktop/new_ws/install/mobile_package/share/mobile_package/local_setup.dsv
-- Symlinking: /home/ace/Desktop/new_ws/install/mobile_package/share/mobile_package/package.dsv
-- Symlinking: /home/ace/Desktop/new_ws/install/mobile_package/share/ament_index/resource_index/packages/mobile_package
-- Symlinking: /home/ace/Desktop/new_ws/install/mobile_package/share/mobile_package/cmake/mobile_packageConfig.cmake
-- Symlinking: /home/ace/Desktop/new_ws/install/mobile_package/share/mobile_package/cmake/mobile_packageConfig-version.cmake
-- Symlinking: /home/ace/Desktop/new_ws/install/mobile_package/share/mobile_package/package.xml
