[1.063s] DEBUG:colcon:Command line arguments: ['/usr/bin/colcon', 'build', '--symlink-install']
[1.063s] DEBUG:colcon:Parsed command line arguments: Namespace(log_base=None, log_level=None, verb_name='build', build_base='build', install_base='install', merge_install=False, symlink_install=True, test_result_base=None, continue_on_error=False, executor='parallel', parallel_workers=4, event_handlers=None, ignore_user_meta=False, metas=['./colcon.meta'], base_paths=['.'], packages_ignore=None, packages_ignore_regex=None, paths=None, packages_up_to=None, packages_up_to_regex=None, packages_above=None, packages_above_and_dependencies=None, packages_above_depth=None, packages_select_by_dep=None, packages_skip_by_dep=None, packages_skip_up_to=None, packages_select_build_failed=False, packages_skip_build_finished=False, packages_select_test_failures=False, packages_skip_test_passed=False, packages_select=None, packages_skip=None, packages_select_regex=None, packages_skip_regex=None, packages_start=None, packages_end=None, allow_overriding=[], cmake_args=None, cmake_target=None, cmake_target_skip_unavailable=False, cmake_clean_cache=False, cmake_clean_first=False, cmake_force_configure=False, ament_cmake_args=None, catkin_cmake_args=None, catkin_skip_building_tests=False, verb_parser=<colcon_defaults.argument_parser.defaults.DefaultArgumentsDecorator object at 0x7f9af30058d0>, verb_extension=<colcon_core.verb.build.BuildVerb object at 0x7f9af30053f0>, main=<bound method BuildVerb.main of <colcon_core.verb.build.BuildVerb object at 0x7f9af30053f0>>)
[1.930s] Level 1:colcon.colcon_core.package_discovery:discover_packages(colcon_meta) check parameters
[1.931s] Level 1:colcon.colcon_core.package_discovery:discover_packages(recursive) check parameters
[1.931s] Level 1:colcon.colcon_core.package_discovery:discover_packages(ignore) check parameters
[1.931s] Level 1:colcon.colcon_core.package_discovery:discover_packages(path) check parameters
[1.931s] Level 1:colcon.colcon_core.package_discovery:discover_packages(colcon_meta) discover
[1.931s] Level 1:colcon.colcon_core.package_discovery:discover_packages(recursive) discover
[1.931s] INFO:colcon.colcon_core.package_discovery:Crawling recursively for packages in '/home/ace/Desktop/new_ws'
[1.931s] Level 1:colcon.colcon_core.package_identification:_identify(.) by extensions ['ignore', 'ignore_ament_install']
[1.932s] Level 1:colcon.colcon_core.package_identification:_identify(.) by extension 'ignore'
[1.932s] Level 1:colcon.colcon_core.package_identification:_identify(.) by extension 'ignore_ament_install'
[1.932s] Level 1:colcon.colcon_core.package_identification:_identify(.) by extensions ['colcon_pkg']
[1.932s] Level 1:colcon.colcon_core.package_identification:_identify(.) by extension 'colcon_pkg'
[1.932s] Level 1:colcon.colcon_core.package_identification:_identify(.) by extensions ['colcon_meta']
[1.933s] Level 1:colcon.colcon_core.package_identification:_identify(.) by extension 'colcon_meta'
[1.933s] Level 1:colcon.colcon_core.package_identification:_identify(.) by extensions ['ros']
[1.933s] Level 1:colcon.colcon_core.package_identification:_identify(.) by extension 'ros'
[1.980s] Level 1:colcon.colcon_core.package_identification:_identify(.) by extensions ['cmake', 'python']
[1.980s] Level 1:colcon.colcon_core.package_identification:_identify(.) by extension 'cmake'
[1.980s] Level 1:colcon.colcon_core.package_identification:_identify(.) by extension 'python'
[1.980s] Level 1:colcon.colcon_core.package_identification:_identify(.) by extensions ['python_setup_py']
[1.980s] Level 1:colcon.colcon_core.package_identification:_identify(.) by extension 'python_setup_py'
[1.995s] Level 1:colcon.colcon_core.package_identification:_identify(build) by extensions ['ignore', 'ignore_ament_install']
[1.996s] Level 1:colcon.colcon_core.package_identification:_identify(build) by extension 'ignore'
[1.996s] Level 1:colcon.colcon_core.package_identification:_identify(build) ignored
[1.996s] Level 1:colcon.colcon_core.package_identification:_identify(install) by extensions ['ignore', 'ignore_ament_install']
[1.996s] Level 1:colcon.colcon_core.package_identification:_identify(install) by extension 'ignore'
[1.997s] Level 1:colcon.colcon_core.package_identification:_identify(install) ignored
[1.997s] Level 1:colcon.colcon_core.package_identification:_identify(log) by extensions ['ignore', 'ignore_ament_install']
[1.997s] Level 1:colcon.colcon_core.package_identification:_identify(log) by extension 'ignore'
[1.997s] Level 1:colcon.colcon_core.package_identification:_identify(log) ignored
[1.998s] Level 1:colcon.colcon_core.package_identification:_identify(src) by extensions ['ignore', 'ignore_ament_install']
[1.998s] Level 1:colcon.colcon_core.package_identification:_identify(src) by extension 'ignore'
[1.998s] Level 1:colcon.colcon_core.package_identification:_identify(src) by extension 'ignore_ament_install'
[1.998s] Level 1:colcon.colcon_core.package_identification:_identify(src) by extensions ['colcon_pkg']
[1.998s] Level 1:colcon.colcon_core.package_identification:_identify(src) by extension 'colcon_pkg'
[1.998s] Level 1:colcon.colcon_core.package_identification:_identify(src) by extensions ['colcon_meta']
[1.998s] Level 1:colcon.colcon_core.package_identification:_identify(src) by extension 'colcon_meta'
[1.999s] Level 1:colcon.colcon_core.package_identification:_identify(src) by extensions ['ros']
[1.999s] Level 1:colcon.colcon_core.package_identification:_identify(src) by extension 'ros'
[1.999s] Level 1:colcon.colcon_core.package_identification:_identify(src) by extensions ['cmake', 'python']
[1.999s] Level 1:colcon.colcon_core.package_identification:_identify(src) by extension 'cmake'
[1.999s] Level 1:colcon.colcon_core.package_identification:_identify(src) by extension 'python'
[1.999s] Level 1:colcon.colcon_core.package_identification:_identify(src) by extensions ['python_setup_py']
[1.999s] Level 1:colcon.colcon_core.package_identification:_identify(src) by extension 'python_setup_py'
[1.999s] Level 1:colcon.colcon_core.package_identification:_identify(src/mobile_package) by extensions ['ignore', 'ignore_ament_install']
[1.999s] Level 1:colcon.colcon_core.package_identification:_identify(src/mobile_package) by extension 'ignore'
[1.999s] Level 1:colcon.colcon_core.package_identification:_identify(src/mobile_package) by extension 'ignore_ament_install'
[2.000s] Level 1:colcon.colcon_core.package_identification:_identify(src/mobile_package) by extensions ['colcon_pkg']
[2.000s] Level 1:colcon.colcon_core.package_identification:_identify(src/mobile_package) by extension 'colcon_pkg'
[2.000s] Level 1:colcon.colcon_core.package_identification:_identify(src/mobile_package) by extensions ['colcon_meta']
[2.000s] Level 1:colcon.colcon_core.package_identification:_identify(src/mobile_package) by extension 'colcon_meta'
[2.000s] Level 1:colcon.colcon_core.package_identification:_identify(src/mobile_package) by extensions ['ros']
[2.000s] Level 1:colcon.colcon_core.package_identification:_identify(src/mobile_package) by extension 'ros'
[2.005s] DEBUG:colcon.colcon_core.package_identification:Package 'src/mobile_package' with type 'ros.ament_cmake' and name 'mobile_package'
[2.005s] Level 1:colcon.colcon_core.package_discovery:discover_packages(recursive) using defaults
[2.005s] Level 1:colcon.colcon_core.package_discovery:discover_packages(ignore) discover
[2.005s] Level 1:colcon.colcon_core.package_discovery:discover_packages(ignore) using defaults
[2.005s] Level 1:colcon.colcon_core.package_discovery:discover_packages(path) discover
[2.005s] Level 1:colcon.colcon_core.package_discovery:discover_packages(path) using defaults
[2.312s] Level 1:colcon.colcon_core.package_discovery:discover_packages(prefix_path) check parameters
[2.312s] Level 1:colcon.colcon_core.package_discovery:discover_packages(prefix_path) discover
[2.364s] DEBUG:colcon.colcon_installed_package_information.package_discovery:Found 1 installed packages in /home/ace/Desktop/new_ws/install
[2.388s] DEBUG:colcon.colcon_installed_package_information.package_discovery:Found 1 installed packages in /home/ace/ros2_ws/install
[2.433s] DEBUG:colcon.colcon_installed_package_information.package_discovery:Found 360 installed packages in /opt/ros/humble
[2.450s] Level 1:colcon.colcon_core.package_discovery:discover_packages(prefix_path) using defaults
[5.400s] Level 5:colcon.colcon_core.verb:set package 'mobile_package' build argument 'cmake_args' from command line to 'None'
[5.400s] Level 5:colcon.colcon_core.verb:set package 'mobile_package' build argument 'cmake_target' from command line to 'None'
[5.400s] Level 5:colcon.colcon_core.verb:set package 'mobile_package' build argument 'cmake_target_skip_unavailable' from command line to 'False'
[5.401s] Level 5:colcon.colcon_core.verb:set package 'mobile_package' build argument 'cmake_clean_cache' from command line to 'False'
[5.401s] Level 5:colcon.colcon_core.verb:set package 'mobile_package' build argument 'cmake_clean_first' from command line to 'False'
[5.401s] Level 5:colcon.colcon_core.verb:set package 'mobile_package' build argument 'cmake_force_configure' from command line to 'False'
[5.401s] Level 5:colcon.colcon_core.verb:set package 'mobile_package' build argument 'ament_cmake_args' from command line to 'None'
[5.401s] Level 5:colcon.colcon_core.verb:set package 'mobile_package' build argument 'catkin_cmake_args' from command line to 'None'
[5.401s] Level 5:colcon.colcon_core.verb:set package 'mobile_package' build argument 'catkin_skip_building_tests' from command line to 'False'
[5.401s] DEBUG:colcon.colcon_core.verb:Building package 'mobile_package' with the following arguments: {'ament_cmake_args': None, 'build_base': '/home/ace/Desktop/new_ws/build/mobile_package', 'catkin_cmake_args': None, 'catkin_skip_building_tests': False, 'cmake_args': None, 'cmake_clean_cache': False, 'cmake_clean_first': False, 'cmake_force_configure': False, 'cmake_target': None, 'cmake_target_skip_unavailable': False, 'install_base': '/home/ace/Desktop/new_ws/install/mobile_package', 'merge_install': False, 'path': '/home/ace/Desktop/new_ws/src/mobile_package', 'symlink_install': True, 'test_result_base': None}
[5.404s] INFO:colcon.colcon_core.executor:Executing jobs using 'parallel' executor
[5.412s] DEBUG:colcon.colcon_parallel_executor.executor.parallel:run_until_complete
[5.412s] INFO:colcon.colcon_ros.task.ament_cmake.build:Building ROS package in '/home/ace/Desktop/new_ws/src/mobile_package' with build type 'ament_cmake'
[5.413s] INFO:colcon.colcon_cmake.task.cmake.build:Building CMake package in '/home/ace/Desktop/new_ws/src/mobile_package'
[5.511s] INFO:colcon.colcon_core.plugin_system:Skipping extension 'colcon_core.shell.bat': Not used on non-Windows systems
[5.513s] INFO:colcon.colcon_core.shell:Skip shell extension 'powershell' for command environment: Not usable outside of PowerShell
[5.513s] DEBUG:colcon.colcon_core.shell:Skip shell extension 'dsv' for command environment
[5.638s] DEBUG:colcon.colcon_core.event_handler.log_command:Invoking command in '/home/ace/Desktop/new_ws/build/mobile_package': CMAKE_PREFIX_PATH=${CMAKE_PREFIX_PATH}:/home/ace/ros2_ws/install/robot_controller:/opt/ros/humble /home/ace/.local/bin/cmake --build /home/ace/Desktop/new_ws/build/mobile_package -- -j4 -l4
[6.804s] DEBUG:colcon.colcon_core.event_handler.log_command:Invoked command in '/home/ace/Desktop/new_ws/build/mobile_package' returned '0': CMAKE_PREFIX_PATH=${CMAKE_PREFIX_PATH}:/home/ace/ros2_ws/install/robot_controller:/opt/ros/humble /home/ace/.local/bin/cmake --build /home/ace/Desktop/new_ws/build/mobile_package -- -j4 -l4
[7.108s] DEBUG:colcon.colcon_core.event_handler.log_command:Invoking command in '/home/ace/Desktop/new_ws/build/mobile_package': CMAKE_PREFIX_PATH=${CMAKE_PREFIX_PATH}:/home/ace/ros2_ws/install/robot_controller:/opt/ros/humble /home/ace/.local/bin/cmake --install /home/ace/Desktop/new_ws/build/mobile_package
[7.425s] Level 1:colcon.colcon_core.environment:create_environment_scripts_only(mobile_package)
[7.426s] DEBUG:colcon.colcon_core.event_handler.log_command:Invoked command in '/home/ace/Desktop/new_ws/build/mobile_package' returned '0': CMAKE_PREFIX_PATH=${CMAKE_PREFIX_PATH}:/home/ace/ros2_ws/install/robot_controller:/opt/ros/humble /home/ace/.local/bin/cmake --install /home/ace/Desktop/new_ws/build/mobile_package
[7.900s] Level 1:colcon.colcon_core.environment:checking '/home/ace/Desktop/new_ws/install/mobile_package' for CMake module files
[7.925s] Level 1:colcon.colcon_core.environment:checking '/home/ace/Desktop/new_ws/install/mobile_package' for CMake config files
[8.034s] Level 1:colcon.colcon_core.shell:create_environment_hook('mobile_package', 'cmake_prefix_path')
[8.039s] INFO:colcon.colcon_core.shell:Creating environment hook '/home/ace/Desktop/new_ws/install/mobile_package/share/mobile_package/hook/cmake_prefix_path.ps1'
[8.061s] INFO:colcon.colcon_core.shell:Creating environment descriptor '/home/ace/Desktop/new_ws/install/mobile_package/share/mobile_package/hook/cmake_prefix_path.dsv'
[8.103s] INFO:colcon.colcon_core.shell:Creating environment hook '/home/ace/Desktop/new_ws/install/mobile_package/share/mobile_package/hook/cmake_prefix_path.sh'
[8.124s] Level 1:colcon.colcon_core.environment:checking '/home/ace/Desktop/new_ws/install/mobile_package/bin'
[8.125s] Level 1:colcon.colcon_core.environment:checking '/home/ace/Desktop/new_ws/install/mobile_package/lib/pkgconfig/mobile_package.pc'
[8.125s] Level 1:colcon.colcon_core.environment:checking '/home/ace/Desktop/new_ws/install/mobile_package/lib/python3.10/site-packages'
[8.126s] Level 1:colcon.colcon_core.environment:checking '/home/ace/Desktop/new_ws/install/mobile_package/bin'
[8.130s] INFO:colcon.colcon_core.shell:Creating package script '/home/ace/Desktop/new_ws/install/mobile_package/share/mobile_package/package.ps1'
[8.133s] INFO:colcon.colcon_core.shell:Creating package descriptor '/home/ace/Desktop/new_ws/install/mobile_package/share/mobile_package/package.dsv'
[8.135s] INFO:colcon.colcon_core.shell:Creating package script '/home/ace/Desktop/new_ws/install/mobile_package/share/mobile_package/package.sh'
[8.138s] INFO:colcon.colcon_core.shell:Creating package script '/home/ace/Desktop/new_ws/install/mobile_package/share/mobile_package/package.bash'
[8.165s] INFO:colcon.colcon_core.shell:Creating package script '/home/ace/Desktop/new_ws/install/mobile_package/share/mobile_package/package.zsh'
[8.169s] Level 1:colcon.colcon_core.environment:create_file_with_runtime_dependencies(/home/ace/Desktop/new_ws/install/mobile_package/share/colcon-core/packages/mobile_package)
[8.307s] Level 1:colcon.colcon_core.environment:create_environment_scripts_only(mobile_package)
[8.310s] Level 1:colcon.colcon_core.environment:checking '/home/ace/Desktop/new_ws/install/mobile_package' for CMake module files
[8.312s] Level 1:colcon.colcon_core.environment:checking '/home/ace/Desktop/new_ws/install/mobile_package' for CMake config files
[8.313s] Level 1:colcon.colcon_core.shell:create_environment_hook('mobile_package', 'cmake_prefix_path')
[8.316s] INFO:colcon.colcon_core.shell:Creating environment hook '/home/ace/Desktop/new_ws/install/mobile_package/share/mobile_package/hook/cmake_prefix_path.ps1'
[8.317s] INFO:colcon.colcon_core.shell:Creating environment descriptor '/home/ace/Desktop/new_ws/install/mobile_package/share/mobile_package/hook/cmake_prefix_path.dsv'
[8.318s] INFO:colcon.colcon_core.shell:Creating environment hook '/home/ace/Desktop/new_ws/install/mobile_package/share/mobile_package/hook/cmake_prefix_path.sh'
[8.320s] Level 1:colcon.colcon_core.environment:checking '/home/ace/Desktop/new_ws/install/mobile_package/bin'
[8.320s] Level 1:colcon.colcon_core.environment:checking '/home/ace/Desktop/new_ws/install/mobile_package/lib/pkgconfig/mobile_package.pc'
[8.321s] Level 1:colcon.colcon_core.environment:checking '/home/ace/Desktop/new_ws/install/mobile_package/lib/python3.10/site-packages'
[8.321s] Level 1:colcon.colcon_core.environment:checking '/home/ace/Desktop/new_ws/install/mobile_package/bin'
[8.323s] INFO:colcon.colcon_core.shell:Creating package script '/home/ace/Desktop/new_ws/install/mobile_package/share/mobile_package/package.ps1'
[8.324s] INFO:colcon.colcon_core.shell:Creating package descriptor '/home/ace/Desktop/new_ws/install/mobile_package/share/mobile_package/package.dsv'
[8.325s] INFO:colcon.colcon_core.shell:Creating package script '/home/ace/Desktop/new_ws/install/mobile_package/share/mobile_package/package.sh'
[8.329s] INFO:colcon.colcon_core.shell:Creating package script '/home/ace/Desktop/new_ws/install/mobile_package/share/mobile_package/package.bash'
[8.330s] INFO:colcon.colcon_core.shell:Creating package script '/home/ace/Desktop/new_ws/install/mobile_package/share/mobile_package/package.zsh'
[8.331s] Level 1:colcon.colcon_core.environment:create_file_with_runtime_dependencies(/home/ace/Desktop/new_ws/install/mobile_package/share/colcon-core/packages/mobile_package)
[8.334s] DEBUG:colcon.colcon_parallel_executor.executor.parallel:closing loop
[8.334s] DEBUG:colcon.colcon_parallel_executor.executor.parallel:loop closed
[8.335s] DEBUG:colcon.colcon_parallel_executor.executor.parallel:run_until_complete finished with '0'
[8.335s] DEBUG:colcon.colcon_core.event_reactor:joining thread
[8.611s] INFO:colcon.colcon_core.plugin_system:Skipping extension 'colcon_notification.desktop_notification.terminal_notifier': Not used on non-Darwin systems
[8.612s] INFO:colcon.colcon_core.plugin_system:Skipping extension 'colcon_notification.desktop_notification.win32': Not used on non-Windows systems
[8.612s] INFO:colcon.colcon_notification.desktop_notification:Sending desktop notification using 'notify2'
[8.671s] DEBUG:colcon.colcon_core.event_reactor:joined thread
[8.674s] INFO:colcon.colcon_core.shell:Creating prefix script '/home/ace/Desktop/new_ws/install/local_setup.ps1'
[8.713s] INFO:colcon.colcon_core.shell:Creating prefix util module '/home/ace/Desktop/new_ws/install/_local_setup_util_ps1.py'
[8.795s] INFO:colcon.colcon_core.shell:Creating prefix chain script '/home/ace/Desktop/new_ws/install/setup.ps1'
[8.843s] INFO:colcon.colcon_core.shell:Creating prefix script '/home/ace/Desktop/new_ws/install/local_setup.sh'
[8.901s] INFO:colcon.colcon_core.shell:Creating prefix util module '/home/ace/Desktop/new_ws/install/_local_setup_util_sh.py'
[8.902s] INFO:colcon.colcon_core.shell:Creating prefix chain script '/home/ace/Desktop/new_ws/install/setup.sh'
[8.914s] INFO:colcon.colcon_core.shell:Creating prefix script '/home/ace/Desktop/new_ws/install/local_setup.bash'
[9.008s] INFO:colcon.colcon_core.shell:Creating prefix chain script '/home/ace/Desktop/new_ws/install/setup.bash'
[9.071s] INFO:colcon.colcon_core.shell:Creating prefix script '/home/ace/Desktop/new_ws/install/local_setup.zsh'
[9.134s] INFO:colcon.colcon_core.shell:Creating prefix chain script '/home/ace/Desktop/new_ws/install/setup.zsh'
