[0.991s] DEBUG:colcon:Command line arguments: ['/usr/bin/colcon', 'list', '-p', '--base-paths', '/home/ace/Desktop/new_ws']
[0.991s] DEBUG:colcon:Parsed command line arguments: Namespace(log_base=None, log_level=None, verb_name='list', build_base='build', ignore_user_meta=False, metas=['./colcon.meta'], base_paths=['/home/ace/Desktop/new_ws'], packages_ignore=None, packages_ignore_regex=None, paths=None, packages_up_to=None, packages_up_to_regex=None, packages_above=None, packages_above_and_dependencies=None, packages_above_depth=None, packages_select_by_dep=None, packages_skip_by_dep=None, packages_skip_up_to=None, packages_select_build_failed=False, packages_skip_build_finished=False, packages_select_test_failures=False, packages_skip_test_passed=False, packages_select=None, packages_skip=None, packages_select_regex=None, packages_skip_regex=None, packages_start=None, packages_end=None, allow_overriding=[], topological_order=False, names_only=False, paths_only=True, topological_graph=False, topological_graph_dot=False, topological_graph_density=False, topological_graph_legend=False, topological_graph_dot_cluster=False, topological_graph_dot_include_skipped=False, verb_parser=<colcon_defaults.argument_parser.defaults.DefaultArgumentsDecorator object at 0x7f293b2f2bc0>, verb_extension=<colcon_package_information.verb.list.ListVerb object at 0x7f293b245120>, main=<bound method ListVerb.main of <colcon_package_information.verb.list.ListVerb object at 0x7f293b245120>>)
[1.062s] Level 1:colcon.colcon_core.package_discovery:discover_packages(colcon_meta) check parameters
[1.063s] Level 1:colcon.colcon_core.package_discovery:discover_packages(recursive) check parameters
[1.063s] Level 1:colcon.colcon_core.package_discovery:discover_packages(ignore) check parameters
[1.063s] Level 1:colcon.colcon_core.package_discovery:discover_packages(path) check parameters
[1.063s] Level 1:colcon.colcon_core.package_discovery:discover_packages(recursive) discover
[1.063s] INFO:colcon.colcon_core.package_discovery:Crawling recursively for packages in '/home/ace/Desktop/new_ws'
[1.063s] Level 1:colcon.colcon_core.package_identification:_identify(/home/ace/Desktop/new_ws) by extensions ['ignore', 'ignore_ament_install']
[1.064s] Level 1:colcon.colcon_core.package_identification:_identify(/home/ace/Desktop/new_ws) by extension 'ignore'
[1.064s] Level 1:colcon.colcon_core.package_identification:_identify(/home/ace/Desktop/new_ws) by extension 'ignore_ament_install'
[1.064s] Level 1:colcon.colcon_core.package_identification:_identify(/home/ace/Desktop/new_ws) by extensions ['colcon_pkg']
[1.064s] Level 1:colcon.colcon_core.package_identification:_identify(/home/ace/Desktop/new_ws) by extension 'colcon_pkg'
[1.064s] Level 1:colcon.colcon_core.package_identification:_identify(/home/ace/Desktop/new_ws) by extensions ['colcon_meta']
[1.064s] Level 1:colcon.colcon_core.package_identification:_identify(/home/ace/Desktop/new_ws) by extension 'colcon_meta'
[1.064s] Level 1:colcon.colcon_core.package_identification:_identify(/home/ace/Desktop/new_ws) by extensions ['ros']
[1.064s] Level 1:colcon.colcon_core.package_identification:_identify(/home/ace/Desktop/new_ws) by extension 'ros'
[1.090s] Level 1:colcon.colcon_core.package_identification:_identify(/home/ace/Desktop/new_ws) by extensions ['cmake', 'python']
[1.091s] Level 1:colcon.colcon_core.package_identification:_identify(/home/ace/Desktop/new_ws) by extension 'cmake'
[1.091s] Level 1:colcon.colcon_core.package_identification:_identify(/home/ace/Desktop/new_ws) by extension 'python'
[1.091s] Level 1:colcon.colcon_core.package_identification:_identify(/home/ace/Desktop/new_ws) by extensions ['python_setup_py']
[1.091s] Level 1:colcon.colcon_core.package_identification:_identify(/home/ace/Desktop/new_ws) by extension 'python_setup_py'
[1.091s] Level 1:colcon.colcon_core.package_identification:_identify(/home/ace/Desktop/new_ws/build) by extensions ['ignore', 'ignore_ament_install']
[1.092s] Level 1:colcon.colcon_core.package_identification:_identify(/home/ace/Desktop/new_ws/build) by extension 'ignore'
[1.092s] Level 1:colcon.colcon_core.package_identification:_identify(/home/ace/Desktop/new_ws/build) ignored
[1.092s] Level 1:colcon.colcon_core.package_identification:_identify(/home/ace/Desktop/new_ws/install) by extensions ['ignore', 'ignore_ament_install']
[1.092s] Level 1:colcon.colcon_core.package_identification:_identify(/home/ace/Desktop/new_ws/install) by extension 'ignore'
[1.092s] Level 1:colcon.colcon_core.package_identification:_identify(/home/ace/Desktop/new_ws/install) ignored
[1.093s] Level 1:colcon.colcon_core.package_identification:_identify(/home/ace/Desktop/new_ws/log) by extensions ['ignore', 'ignore_ament_install']
[1.093s] Level 1:colcon.colcon_core.package_identification:_identify(/home/ace/Desktop/new_ws/log) by extension 'ignore'
[1.093s] Level 1:colcon.colcon_core.package_identification:_identify(/home/ace/Desktop/new_ws/log) ignored
[1.093s] Level 1:colcon.colcon_core.package_identification:_identify(/home/ace/Desktop/new_ws/src) by extensions ['ignore', 'ignore_ament_install']
[1.093s] Level 1:colcon.colcon_core.package_identification:_identify(/home/ace/Desktop/new_ws/src) by extension 'ignore'
[1.094s] Level 1:colcon.colcon_core.package_identification:_identify(/home/ace/Desktop/new_ws/src) by extension 'ignore_ament_install'
[1.094s] Level 1:colcon.colcon_core.package_identification:_identify(/home/ace/Desktop/new_ws/src) by extensions ['colcon_pkg']
[1.094s] Level 1:colcon.colcon_core.package_identification:_identify(/home/ace/Desktop/new_ws/src) by extension 'colcon_pkg'
[1.094s] Level 1:colcon.colcon_core.package_identification:_identify(/home/ace/Desktop/new_ws/src) by extensions ['colcon_meta']
[1.094s] Level 1:colcon.colcon_core.package_identification:_identify(/home/ace/Desktop/new_ws/src) by extension 'colcon_meta'
[1.094s] Level 1:colcon.colcon_core.package_identification:_identify(/home/ace/Desktop/new_ws/src) by extensions ['ros']
[1.094s] Level 1:colcon.colcon_core.package_identification:_identify(/home/ace/Desktop/new_ws/src) by extension 'ros'
[1.094s] Level 1:colcon.colcon_core.package_identification:_identify(/home/ace/Desktop/new_ws/src) by extensions ['cmake', 'python']
[1.094s] Level 1:colcon.colcon_core.package_identification:_identify(/home/ace/Desktop/new_ws/src) by extension 'cmake'
[1.095s] Level 1:colcon.colcon_core.package_identification:_identify(/home/ace/Desktop/new_ws/src) by extension 'python'
[1.095s] Level 1:colcon.colcon_core.package_identification:_identify(/home/ace/Desktop/new_ws/src) by extensions ['python_setup_py']
[1.095s] Level 1:colcon.colcon_core.package_identification:_identify(/home/ace/Desktop/new_ws/src) by extension 'python_setup_py'
[1.095s] Level 1:colcon.colcon_core.package_identification:_identify(/home/ace/Desktop/new_ws/src/mobile_package) by extensions ['ignore', 'ignore_ament_install']
[1.095s] Level 1:colcon.colcon_core.package_identification:_identify(/home/ace/Desktop/new_ws/src/mobile_package) by extension 'ignore'
[1.095s] Level 1:colcon.colcon_core.package_identification:_identify(/home/ace/Desktop/new_ws/src/mobile_package) by extension 'ignore_ament_install'
[1.096s] Level 1:colcon.colcon_core.package_identification:_identify(/home/ace/Desktop/new_ws/src/mobile_package) by extensions ['colcon_pkg']
[1.096s] Level 1:colcon.colcon_core.package_identification:_identify(/home/ace/Desktop/new_ws/src/mobile_package) by extension 'colcon_pkg'
[1.096s] Level 1:colcon.colcon_core.package_identification:_identify(/home/ace/Desktop/new_ws/src/mobile_package) by extensions ['colcon_meta']
[1.096s] Level 1:colcon.colcon_core.package_identification:_identify(/home/ace/Desktop/new_ws/src/mobile_package) by extension 'colcon_meta'
[1.096s] Level 1:colcon.colcon_core.package_identification:_identify(/home/ace/Desktop/new_ws/src/mobile_package) by extensions ['ros']
[1.096s] Level 1:colcon.colcon_core.package_identification:_identify(/home/ace/Desktop/new_ws/src/mobile_package) by extension 'ros'
[1.101s] DEBUG:colcon.colcon_core.package_identification:Package '/home/ace/Desktop/new_ws/src/mobile_package' with type 'ros.ament_cmake' and name 'mobile_package'
[1.101s] Level 1:colcon.colcon_core.package_discovery:discover_packages(recursive) using defaults
