[0.530s] DEBUG:colcon:Command line arguments: ['/usr/bin/colcon', 'build', '--symlink-install']
[0.531s] DEBUG:colcon:Parsed command line arguments: Namespace(log_base=None, log_level=None, verb_name='build', build_base='build', install_base='install', merge_install=False, symlink_install=True, test_result_base=None, continue_on_error=False, executor='parallel', parallel_workers=4, event_handlers=None, ignore_user_meta=False, metas=['./colcon.meta'], base_paths=['.'], packages_ignore=None, packages_ignore_regex=None, paths=None, packages_up_to=None, packages_up_to_regex=None, packages_above=None, packages_above_and_dependencies=None, packages_above_depth=None, packages_select_by_dep=None, packages_skip_by_dep=None, packages_skip_up_to=None, packages_select_build_failed=False, packages_skip_build_finished=False, packages_select_test_failures=False, packages_skip_test_passed=False, packages_select=None, packages_skip=None, packages_select_regex=None, packages_skip_regex=None, packages_start=None, packages_end=None, allow_overriding=[], cmake_args=None, cmake_target=None, cmake_target_skip_unavailable=False, cmake_clean_cache=False, cmake_clean_first=False, cmake_force_configure=False, ament_cmake_args=None, catkin_cmake_args=None, catkin_skip_building_tests=False, verb_parser=<colcon_defaults.argument_parser.defaults.DefaultArgumentsDecorator object at 0x7f83818ed8a0>, verb_extension=<colcon_core.verb.build.BuildVerb object at 0x7f83818ed3c0>, main=<bound method BuildVerb.main of <colcon_core.verb.build.BuildVerb object at 0x7f83818ed3c0>>)
[0.913s] Level 1:colcon.colcon_core.package_discovery:discover_packages(colcon_meta) check parameters
[0.914s] Level 1:colcon.colcon_core.package_discovery:discover_packages(recursive) check parameters
[0.914s] Level 1:colcon.colcon_core.package_discovery:discover_packages(ignore) check parameters
[0.914s] Level 1:colcon.colcon_core.package_discovery:discover_packages(path) check parameters
[0.915s] Level 1:colcon.colcon_core.package_discovery:discover_packages(colcon_meta) discover
[0.915s] Level 1:colcon.colcon_core.package_discovery:discover_packages(recursive) discover
[0.915s] INFO:colcon.colcon_core.package_discovery:Crawling recursively for packages in '/home/ace/Desktop/new_ws'
[0.916s] Level 1:colcon.colcon_core.package_identification:_identify(.) by extensions ['ignore', 'ignore_ament_install']
[0.917s] Level 1:colcon.colcon_core.package_identification:_identify(.) by extension 'ignore'
[0.917s] Level 1:colcon.colcon_core.package_identification:_identify(.) by extension 'ignore_ament_install'
[0.917s] Level 1:colcon.colcon_core.package_identification:_identify(.) by extensions ['colcon_pkg']
[0.918s] Level 1:colcon.colcon_core.package_identification:_identify(.) by extension 'colcon_pkg'
[0.918s] Level 1:colcon.colcon_core.package_identification:_identify(.) by extensions ['colcon_meta']
[0.918s] Level 1:colcon.colcon_core.package_identification:_identify(.) by extension 'colcon_meta'
[0.918s] Level 1:colcon.colcon_core.package_identification:_identify(.) by extensions ['ros']
[0.919s] Level 1:colcon.colcon_core.package_identification:_identify(.) by extension 'ros'
[1.030s] Level 1:colcon.colcon_core.package_identification:_identify(.) by extensions ['cmake', 'python']
[1.030s] Level 1:colcon.colcon_core.package_identification:_identify(.) by extension 'cmake'
[1.030s] Level 1:colcon.colcon_core.package_identification:_identify(.) by extension 'python'
[1.030s] Level 1:colcon.colcon_core.package_identification:_identify(.) by extensions ['python_setup_py']
[1.030s] Level 1:colcon.colcon_core.package_identification:_identify(.) by extension 'python_setup_py'
[1.030s] Level 1:colcon.colcon_core.package_identification:_identify(build) by extensions ['ignore', 'ignore_ament_install']
[1.031s] Level 1:colcon.colcon_core.package_identification:_identify(build) by extension 'ignore'
[1.031s] Level 1:colcon.colcon_core.package_identification:_identify(build) ignored
[1.031s] Level 1:colcon.colcon_core.package_identification:_identify(install) by extensions ['ignore', 'ignore_ament_install']
[1.031s] Level 1:colcon.colcon_core.package_identification:_identify(install) by extension 'ignore'
[1.031s] Level 1:colcon.colcon_core.package_identification:_identify(install) ignored
[1.031s] Level 1:colcon.colcon_core.package_identification:_identify(log) by extensions ['ignore', 'ignore_ament_install']
[1.032s] Level 1:colcon.colcon_core.package_identification:_identify(log) by extension 'ignore'
[1.032s] Level 1:colcon.colcon_core.package_identification:_identify(log) ignored
[1.032s] Level 1:colcon.colcon_core.package_identification:_identify(src) by extensions ['ignore', 'ignore_ament_install']
[1.032s] Level 1:colcon.colcon_core.package_identification:_identify(src) by extension 'ignore'
[1.032s] Level 1:colcon.colcon_core.package_identification:_identify(src) by extension 'ignore_ament_install'
[1.032s] Level 1:colcon.colcon_core.package_identification:_identify(src) by extensions ['colcon_pkg']
[1.032s] Level 1:colcon.colcon_core.package_identification:_identify(src) by extension 'colcon_pkg'
[1.033s] Level 1:colcon.colcon_core.package_identification:_identify(src) by extensions ['colcon_meta']
[1.033s] Level 1:colcon.colcon_core.package_identification:_identify(src) by extension 'colcon_meta'
[1.033s] Level 1:colcon.colcon_core.package_identification:_identify(src) by extensions ['ros']
[1.033s] Level 1:colcon.colcon_core.package_identification:_identify(src) by extension 'ros'
[1.033s] Level 1:colcon.colcon_core.package_identification:_identify(src) by extensions ['cmake', 'python']
[1.033s] Level 1:colcon.colcon_core.package_identification:_identify(src) by extension 'cmake'
[1.033s] Level 1:colcon.colcon_core.package_identification:_identify(src) by extension 'python'
[1.033s] Level 1:colcon.colcon_core.package_identification:_identify(src) by extensions ['python_setup_py']
[1.033s] Level 1:colcon.colcon_core.package_identification:_identify(src) by extension 'python_setup_py'
[1.034s] Level 1:colcon.colcon_core.package_identification:_identify(src/mobile_package) by extensions ['ignore', 'ignore_ament_install']
[1.034s] Level 1:colcon.colcon_core.package_identification:_identify(src/mobile_package) by extension 'ignore'
[1.034s] Level 1:colcon.colcon_core.package_identification:_identify(src/mobile_package) by extension 'ignore_ament_install'
[1.034s] Level 1:colcon.colcon_core.package_identification:_identify(src/mobile_package) by extensions ['colcon_pkg']
[1.034s] Level 1:colcon.colcon_core.package_identification:_identify(src/mobile_package) by extension 'colcon_pkg'
[1.034s] Level 1:colcon.colcon_core.package_identification:_identify(src/mobile_package) by extensions ['colcon_meta']
[1.034s] Level 1:colcon.colcon_core.package_identification:_identify(src/mobile_package) by extension 'colcon_meta'
[1.034s] Level 1:colcon.colcon_core.package_identification:_identify(src/mobile_package) by extensions ['ros']
[1.035s] Level 1:colcon.colcon_core.package_identification:_identify(src/mobile_package) by extension 'ros'
[1.145s] DEBUG:colcon.colcon_core.package_identification:Package 'src/mobile_package' with type 'ros.ament_cmake' and name 'mobile_package'
[1.145s] Level 1:colcon.colcon_core.package_discovery:discover_packages(recursive) using defaults
[1.146s] Level 1:colcon.colcon_core.package_discovery:discover_packages(ignore) discover
[1.146s] Level 1:colcon.colcon_core.package_discovery:discover_packages(ignore) using defaults
[1.146s] Level 1:colcon.colcon_core.package_discovery:discover_packages(path) discover
[1.146s] Level 1:colcon.colcon_core.package_discovery:discover_packages(path) using defaults
[1.518s] Level 1:colcon.colcon_core.package_discovery:discover_packages(prefix_path) check parameters
[1.518s] Level 1:colcon.colcon_core.package_discovery:discover_packages(prefix_path) discover
[1.548s] DEBUG:colcon.colcon_installed_package_information.package_discovery:Found 1 installed packages in /home/ace/ros2_ws/install
[1.561s] DEBUG:colcon.colcon_installed_package_information.package_discovery:Found 360 installed packages in /opt/ros/humble
[1.575s] Level 1:colcon.colcon_core.package_discovery:discover_packages(prefix_path) using defaults
[1.732s] Level 5:colcon.colcon_core.verb:set package 'mobile_package' build argument 'cmake_args' from command line to 'None'
[1.732s] Level 5:colcon.colcon_core.verb:set package 'mobile_package' build argument 'cmake_target' from command line to 'None'
[1.732s] Level 5:colcon.colcon_core.verb:set package 'mobile_package' build argument 'cmake_target_skip_unavailable' from command line to 'False'
[1.732s] Level 5:colcon.colcon_core.verb:set package 'mobile_package' build argument 'cmake_clean_cache' from command line to 'False'
[1.732s] Level 5:colcon.colcon_core.verb:set package 'mobile_package' build argument 'cmake_clean_first' from command line to 'False'
[1.732s] Level 5:colcon.colcon_core.verb:set package 'mobile_package' build argument 'cmake_force_configure' from command line to 'False'
[1.732s] Level 5:colcon.colcon_core.verb:set package 'mobile_package' build argument 'ament_cmake_args' from command line to 'None'
[1.732s] Level 5:colcon.colcon_core.verb:set package 'mobile_package' build argument 'catkin_cmake_args' from command line to 'None'
[1.732s] Level 5:colcon.colcon_core.verb:set package 'mobile_package' build argument 'catkin_skip_building_tests' from command line to 'False'
[1.732s] DEBUG:colcon.colcon_core.verb:Building package 'mobile_package' with the following arguments: {'ament_cmake_args': None, 'build_base': '/home/ace/Desktop/new_ws/build/mobile_package', 'catkin_cmake_args': None, 'catkin_skip_building_tests': False, 'cmake_args': None, 'cmake_clean_cache': False, 'cmake_clean_first': False, 'cmake_force_configure': False, 'cmake_target': None, 'cmake_target_skip_unavailable': False, 'install_base': '/home/ace/Desktop/new_ws/install/mobile_package', 'merge_install': False, 'path': '/home/ace/Desktop/new_ws/src/mobile_package', 'symlink_install': True, 'test_result_base': None}
[1.733s] INFO:colcon.colcon_core.executor:Executing jobs using 'parallel' executor
[1.737s] DEBUG:colcon.colcon_parallel_executor.executor.parallel:run_until_complete
[1.738s] INFO:colcon.colcon_ros.task.ament_cmake.build:Building ROS package in '/home/ace/Desktop/new_ws/src/mobile_package' with build type 'ament_cmake'
[1.738s] INFO:colcon.colcon_cmake.task.cmake.build:Building CMake package in '/home/ace/Desktop/new_ws/src/mobile_package'
[1.783s] INFO:colcon.colcon_core.plugin_system:Skipping extension 'colcon_core.shell.bat': Not used on non-Windows systems
[1.783s] INFO:colcon.colcon_core.shell:Skip shell extension 'powershell' for command environment: Not usable outside of PowerShell
[1.783s] DEBUG:colcon.colcon_core.shell:Skip shell extension 'dsv' for command environment
[1.812s] DEBUG:colcon.colcon_core.event_handler.log_command:Invoking command in '/home/ace/Desktop/new_ws/build/mobile_package': CMAKE_PREFIX_PATH=/home/ace/ros2_ws/install/robot_controller:/opt/ros/humble /home/ace/.local/bin/cmake --build /home/ace/Desktop/new_ws/build/mobile_package -- -j4 -l4
[2.846s] DEBUG:colcon.colcon_core.event_handler.log_command:Invoked command in '/home/ace/Desktop/new_ws/build/mobile_package' returned '0': CMAKE_PREFIX_PATH=/home/ace/ros2_ws/install/robot_controller:/opt/ros/humble /home/ace/.local/bin/cmake --build /home/ace/Desktop/new_ws/build/mobile_package -- -j4 -l4
[3.011s] DEBUG:colcon.colcon_core.event_handler.log_command:Invoking command in '/home/ace/Desktop/new_ws/build/mobile_package': CMAKE_PREFIX_PATH=/home/ace/ros2_ws/install/robot_controller:/opt/ros/humble /home/ace/.local/bin/cmake --install /home/ace/Desktop/new_ws/build/mobile_package
[3.168s] Level 1:colcon.colcon_core.environment:create_environment_scripts_only(mobile_package)
[3.173s] DEBUG:colcon.colcon_core.event_handler.log_command:Invoked command in '/home/ace/Desktop/new_ws/build/mobile_package' returned '0': CMAKE_PREFIX_PATH=/home/ace/ros2_ws/install/robot_controller:/opt/ros/humble /home/ace/.local/bin/cmake --install /home/ace/Desktop/new_ws/build/mobile_package
[3.304s] Level 1:colcon.colcon_core.environment:checking '/home/ace/Desktop/new_ws/install/mobile_package' for CMake module files
[3.307s] Level 1:colcon.colcon_core.environment:checking '/home/ace/Desktop/new_ws/install/mobile_package' for CMake config files
[3.310s] Level 1:colcon.colcon_core.shell:create_environment_hook('mobile_package', 'cmake_prefix_path')
[3.317s] INFO:colcon.colcon_core.shell:Creating environment hook '/home/ace/Desktop/new_ws/install/mobile_package/share/mobile_package/hook/cmake_prefix_path.ps1'
[3.344s] INFO:colcon.colcon_core.shell:Creating environment descriptor '/home/ace/Desktop/new_ws/install/mobile_package/share/mobile_package/hook/cmake_prefix_path.dsv'
[3.352s] INFO:colcon.colcon_core.shell:Creating environment hook '/home/ace/Desktop/new_ws/install/mobile_package/share/mobile_package/hook/cmake_prefix_path.sh'
[3.358s] Level 1:colcon.colcon_core.environment:checking '/home/ace/Desktop/new_ws/install/mobile_package/bin'
[3.359s] Level 1:colcon.colcon_core.environment:checking '/home/ace/Desktop/new_ws/install/mobile_package/lib/pkgconfig/mobile_package.pc'
[3.360s] Level 1:colcon.colcon_core.environment:checking '/home/ace/Desktop/new_ws/install/mobile_package/lib/python3.10/site-packages'
[3.361s] Level 1:colcon.colcon_core.environment:checking '/home/ace/Desktop/new_ws/install/mobile_package/bin'
[3.368s] INFO:colcon.colcon_core.shell:Creating package script '/home/ace/Desktop/new_ws/install/mobile_package/share/mobile_package/package.ps1'
[3.372s] INFO:colcon.colcon_core.shell:Creating package descriptor '/home/ace/Desktop/new_ws/install/mobile_package/share/mobile_package/package.dsv'
[3.375s] INFO:colcon.colcon_core.shell:Creating package script '/home/ace/Desktop/new_ws/install/mobile_package/share/mobile_package/package.sh'
[3.379s] INFO:colcon.colcon_core.shell:Creating package script '/home/ace/Desktop/new_ws/install/mobile_package/share/mobile_package/package.bash'
[3.394s] INFO:colcon.colcon_core.shell:Creating package script '/home/ace/Desktop/new_ws/install/mobile_package/share/mobile_package/package.zsh'
[3.399s] Level 1:colcon.colcon_core.environment:create_file_with_runtime_dependencies(/home/ace/Desktop/new_ws/install/mobile_package/share/colcon-core/packages/mobile_package)
[3.543s] Level 1:colcon.colcon_core.environment:create_environment_scripts_only(mobile_package)
[3.546s] Level 1:colcon.colcon_core.environment:checking '/home/ace/Desktop/new_ws/install/mobile_package' for CMake module files
[3.547s] Level 1:colcon.colcon_core.environment:checking '/home/ace/Desktop/new_ws/install/mobile_package' for CMake config files
[3.547s] Level 1:colcon.colcon_core.shell:create_environment_hook('mobile_package', 'cmake_prefix_path')
[3.549s] INFO:colcon.colcon_core.shell:Creating environment hook '/home/ace/Desktop/new_ws/install/mobile_package/share/mobile_package/hook/cmake_prefix_path.ps1'
[3.549s] INFO:colcon.colcon_core.shell:Creating environment descriptor '/home/ace/Desktop/new_ws/install/mobile_package/share/mobile_package/hook/cmake_prefix_path.dsv'
[3.550s] INFO:colcon.colcon_core.shell:Creating environment hook '/home/ace/Desktop/new_ws/install/mobile_package/share/mobile_package/hook/cmake_prefix_path.sh'
[3.551s] Level 1:colcon.colcon_core.environment:checking '/home/ace/Desktop/new_ws/install/mobile_package/bin'
[3.551s] Level 1:colcon.colcon_core.environment:checking '/home/ace/Desktop/new_ws/install/mobile_package/lib/pkgconfig/mobile_package.pc'
[3.551s] Level 1:colcon.colcon_core.environment:checking '/home/ace/Desktop/new_ws/install/mobile_package/lib/python3.10/site-packages'
[3.552s] Level 1:colcon.colcon_core.environment:checking '/home/ace/Desktop/new_ws/install/mobile_package/bin'
[3.554s] INFO:colcon.colcon_core.shell:Creating package script '/home/ace/Desktop/new_ws/install/mobile_package/share/mobile_package/package.ps1'
[3.555s] INFO:colcon.colcon_core.shell:Creating package descriptor '/home/ace/Desktop/new_ws/install/mobile_package/share/mobile_package/package.dsv'
[3.556s] INFO:colcon.colcon_core.shell:Creating package script '/home/ace/Desktop/new_ws/install/mobile_package/share/mobile_package/package.sh'
[3.556s] INFO:colcon.colcon_core.shell:Creating package script '/home/ace/Desktop/new_ws/install/mobile_package/share/mobile_package/package.bash'
[3.557s] INFO:colcon.colcon_core.shell:Creating package script '/home/ace/Desktop/new_ws/install/mobile_package/share/mobile_package/package.zsh'
[3.557s] Level 1:colcon.colcon_core.environment:create_file_with_runtime_dependencies(/home/ace/Desktop/new_ws/install/mobile_package/share/colcon-core/packages/mobile_package)
[3.558s] DEBUG:colcon.colcon_parallel_executor.executor.parallel:closing loop
[3.558s] DEBUG:colcon.colcon_parallel_executor.executor.parallel:loop closed
[3.558s] DEBUG:colcon.colcon_parallel_executor.executor.parallel:run_until_complete finished with '0'
[3.558s] DEBUG:colcon.colcon_core.event_reactor:joining thread
[3.592s] INFO:colcon.colcon_core.plugin_system:Skipping extension 'colcon_notification.desktop_notification.terminal_notifier': Not used on non-Darwin systems
[3.592s] INFO:colcon.colcon_core.plugin_system:Skipping extension 'colcon_notification.desktop_notification.win32': Not used on non-Windows systems
[3.593s] INFO:colcon.colcon_notification.desktop_notification:Sending desktop notification using 'notify2'
[3.632s] DEBUG:colcon.colcon_core.event_reactor:joined thread
[3.635s] INFO:colcon.colcon_core.shell:Creating prefix script '/home/ace/Desktop/new_ws/install/local_setup.ps1'
[3.641s] INFO:colcon.colcon_core.shell:Creating prefix util module '/home/ace/Desktop/new_ws/install/_local_setup_util_ps1.py'
[3.644s] INFO:colcon.colcon_core.shell:Creating prefix chain script '/home/ace/Desktop/new_ws/install/setup.ps1'
[3.652s] INFO:colcon.colcon_core.shell:Creating prefix script '/home/ace/Desktop/new_ws/install/local_setup.sh'
[3.671s] INFO:colcon.colcon_core.shell:Creating prefix util module '/home/ace/Desktop/new_ws/install/_local_setup_util_sh.py'
[3.674s] INFO:colcon.colcon_core.shell:Creating prefix chain script '/home/ace/Desktop/new_ws/install/setup.sh'
[3.688s] INFO:colcon.colcon_core.shell:Creating prefix script '/home/ace/Desktop/new_ws/install/local_setup.bash'
[3.691s] INFO:colcon.colcon_core.shell:Creating prefix chain script '/home/ace/Desktop/new_ws/install/setup.bash'
[3.701s] INFO:colcon.colcon_core.shell:Creating prefix script '/home/ace/Desktop/new_ws/install/local_setup.zsh'
[3.704s] INFO:colcon.colcon_core.shell:Creating prefix chain script '/home/ace/Desktop/new_ws/install/setup.zsh'
